{"synthetic": false,
 "schemaVersion": "2025-09-10",
 "outputs":
 {"o": ["9a6f20dca32b6de3.olean"],
  "i": "75c19b80e948c8eb.ilean",
  "c": "3feca8b9c947cafc.c"},
 "log":
 [{"message":
   ".> LEAN_PATH=/Users/ninahammer/git/spl-compiler-lean/.lake/build/lib/lean /Users/ninahammer/.elan/toolchains/leanprover--lean4---v4.25.2/bin/lean /Users/ninahammer/git/spl-compiler-lean/LeanSpl/Parser.lean -o /Users/ninahammer/git/spl-compiler-lean/.lake/build/lib/lean/LeanSpl/Parser.olean -i /Users/ninahammer/git/spl-compiler-lean/.lake/build/lib/lean/LeanSpl/Parser.ilean -c /Users/ninahammer/git/spl-compiler-lean/.lake/build/ir/LeanSpl/Parser.c --setup /Users/ninahammer/git/spl-compiler-lean/.lake/build/ir/LeanSpl/Parser.setup.json --json",
   "level": "trace"}],
 "inputs":
 [["LeanSpl.Parser:deps",
   [["deps",
     [["«lean-spl»/LeanSpl:extraDep",
       [["@«lean-spl»:extraDep", "00000000000006bb"]]],
      ["imports",
       [["LeanSpl.Absyn transitive imports (legacy)", "00000000000006bb"],
        ["LeanSpl.Absyn:importAllArts", "453f51284ea45e6c"]]]]],
    ["libs",
     [["import dynlibs", "00000000000006bb"],
      ["package external libraries", "00000000000006bb"],
      ["module dynlibs", "00000000000006bb"],
      ["module plugins", "00000000000006bb"]]]]],
  ["Lean 4.25.2, commit b86e2e5824bcdbfa0e8d02dd97b4c48792a385d1",
   "d946543e806d8350"],
  ["/Users/ninahammer/git/spl-compiler-lean/LeanSpl/Parser.lean",
   "ee6ceb164a37669a"],
  ["options", "00000000000006bb"],
  ["Module.leanArgs: #[]", "00000000000006bb"]],
 "depHash": "d1d1565fbcfec32d"}